# JRE version: OpenJDK Runtime Environment (22.0.1+8) (build 22.0.1+8-16)
# Java VM: OpenJDK 64-Bit Server VM (22.0.1+8-16, mixed mode, sharing, tiered, compressed oops, compressed class ptrs, g1 gc, windows-amd64)
GC Precious Log:
 CardTable entry size: 512
 Card Set container configuration: InlinePtr #cards 5 size 8 Array Of Cards #cards 12 size 40 Howl #buckets 4 coarsen threshold 1843 Howl Bitmap #cards 512 size 80 coarsen threshold 460 Card regions per heap region 1 cards per card region 2048
 CPUs: 8 total, 8 available
 Memory: 5965M
 Large Page Support: Disabled
 NUMA Support: Disabled
 Compressed Oops: Enabled (32-bit)
 Heap Region Size: 1M
 Heap Min Capacity: 8M
 Heap Initial Capacity: 94M
 Heap Max Capacity: 1492M
 Pre-touch: Disabled
 Parallel Workers: 8
 Concurrent Workers: 2
 Concurrent Refinement Workers: 8
 Periodic GC: Disabled
Heap:
 garbage-first heap   total reserved 1527808K, committed 126976K, used 38079K [0x00000000a2c00000, 0x0000000100000000)
  region size 1024K, 4 young (4096K), 1 survivors (1024K)
 Metaspace       used 79836K, committed 80704K, reserved 1179648K
  class space    used 10594K, committed 11072K, reserved 1048576K
GC Heap History (20 events):
Event: 6724.416 GC heap before
{Heap before GC invocations=60 (full 0):
 garbage-first heap   total reserved 1527808K, committed 130048K, used 113043K [0x00000000a2c00000, 0x0000000100000000)
  region size 1024K, 76 young (77824K), 1 survivors (1024K)
 Metaspace       used 79831K, committed 80640K, reserved 1179648K
  class space    used 10594K, committed 11072K, reserved 1048576K
}
Event: 6724.417 GC heap after
{Heap after GC invocations=61 (full 0):
 garbage-first heap   total reserved 1527808K, committed 130048K, used 37300K [0x00000000a2c00000, 0x0000000100000000)
  region size 1024K, 1 young (1024K), 1 survivors (1024K)
 Metaspace       used 79831K, committed 80640K, reserved 1179648K
  class space    used 10594K, committed 11072K, reserved 1048576K
}
Event: 6725.161 GC heap before
{Heap before GC invocations=61 (full 0):
 garbage-first heap   total reserved 1527808K, committed 130048K, used 113076K [0x00000000a2c00000, 0x0000000100000000)
  region size 1024K, 76 young (77824K), 1 survivors (1024K)
 Metaspace       used 79831K, committed 80640K, reserved 1179648K
  class space    used 10594K, committed 11072K, reserved 1048576K
}
Event: 6725.163 GC heap after
{Heap after GC invocations=62 (full 0):
 garbage-first heap   total reserved 1527808K, committed 130048K, used 36966K [0x00000000a2c00000, 0x0000000100000000)
  region size 1024K, 1 young (1024K), 1 survivors (1024K)
 Metaspace       used 79831K, committed 80640K, reserved 1179648K
  class space    used 10594K, committed 11072K, reserved 1048576K
}
Event: 6725.967 GC heap before
{Heap before GC invocations=62 (full 0):
 garbage-first heap   total reserved 1527808K, committed 130048K, used 112742K [0x00000000a2c00000, 0x0000000100000000)
  region size 1024K, 76 young (77824K), 1 survivors (1024K)
 Metaspace       used 79832K, committed 80640K, reserved 1179648K
  class space    used 10594K, committed 11072K, reserved 1048576K
}
Event: 6725.969 GC heap after
{Heap after GC invocations=63 (full 0):
 garbage-first heap   total reserved 1527808K, committed 130048K, used 37021K [0x00000000a2c00000, 0x0000000100000000)
  region size 1024K, 1 young (1024K), 1 survivors (1024K)
 Metaspace       used 79832K, committed 80640K, reserved 1179648K
  class space    used 10594K, committed 11072K, reserved 1048576K
}
Event: 6726.668 GC heap before
{Heap before GC invocations=64 (full 0):
 garbage-first heap   total reserved 1527808K, committed 126976K, used 110749K [0x00000000a2c00000, 0x0000000100000000)
  region size 1024K, 74 young (75776K), 1 survivors (1024K)
 Metaspace       used 79832K, committed 80640K, reserved 1179648K
  class space    used 10594K, committed 11072K, reserved 1048576K
}
Event: 6726.669 GC heap after
{Heap after GC invocations=65 (full 0):
 garbage-first heap   total reserved 1527808K, committed 126976K, used 37025K [0x00000000a2c00000, 0x0000000100000000)
  region size 1024K, 1 young (1024K), 1 survivors (1024K)
 Metaspace       used 79832K, committed 80640K, reserved 1179648K
  class space    used 10594K, committed 11072K, reserved 1048576K
}
Event: 6727.427 GC heap before
{Heap before GC invocations=65 (full 0):
 garbage-first heap   total reserved 1527808K, committed 126976K, used 110753K [0x00000000a2c00000, 0x0000000100000000)
  region size 1024K, 74 young (75776K), 1 survivors (1024K)
 Metaspace       used 79833K, committed 80640K, reserved 1179648K
  class space    used 10594K, committed 11072K, reserved 1048576K
}
Event: 6727.431 GC heap after
{Heap after GC invocations=66 (full 0):
 garbage-first heap   total reserved 1527808K, committed 126976K, used 36553K [0x00000000a2c00000, 0x0000000100000000)
  region size 1024K, 1 young (1024K), 1 survivors (1024K)
 Metaspace       used 79833K, committed 80640K, reserved 1179648K
  class space    used 10594K, committed 11072K, reserved 1048576K
}
Event: 6728.154 GC heap before
{Heap before GC invocations=66 (full 0):
 garbage-first heap   total reserved 1527808K, committed 126976K, used 111305K [0x00000000a2c00000, 0x0000000100000000)
  region size 1024K, 74 young (75776K), 1 survivors (1024K)
 Metaspace       used 79833K, committed 80640K, reserved 1179648K
  class space    used 10594K, committed 11072K, reserved 1048576K
}
Event: 6728.156 GC heap after
{Heap after GC invocations=67 (full 0):
 garbage-first heap   total reserved 1527808K, committed 126976K, used 36679K [0x00000000a2c00000, 0x0000000100000000)
  region size 1024K, 1 young (1024K), 1 survivors (1024K)
 Metaspace       used 79833K, committed 80640K, reserved 1179648K
  class space    used 10594K, committed 11072K, reserved 1048576K
}
Event: 6728.972 GC heap before
{Heap before GC invocations=68 (full 0):
 garbage-first heap   total reserved 1527808K, committed 126976K, used 111431K [0x00000000a2c00000, 0x0000000100000000)
  region size 1024K, 74 young (75776K), 1 survivors (1024K)
 Metaspace       used 79833K, committed 80640K, reserved 1179648K
  class space    used 10594K, committed 11072K, reserved 1048576K
}
Event: 6728.973 GC heap after
{Heap after GC invocations=69 (full 0):
 garbage-first heap   total reserved 1527808K, committed 126976K, used 36665K [0x00000000a2c00000, 0x0000000100000000)
  region size 1024K, 1 young (1024K), 1 survivors (1024K)
 Metaspace       used 79833K, committed 80640K, reserved 1179648K
  class space    used 10594K, committed 11072K, reserved 1048576K
}
Event: 6729.738 GC heap before
{Heap before GC invocations=69 (full 0):
 garbage-first heap   total reserved 1527808K, committed 126976K, used 111417K [0x00000000a2c00000, 0x0000000100000000)
  region size 1024K, 74 young (75776K), 1 survivors (1024K)
 Metaspace       used 79833K, committed 80640K, reserved 1179648K
  class space    used 10594K, committed 11072K, reserved 1048576K
}
Event: 6729.741 GC heap after
{Heap after GC invocations=70 (full 0):
 garbage-first heap   total reserved 1527808K, committed 126976K, used 36350K [0x00000000a2c00000, 0x0000000100000000)
  region size 1024K, 1 young (1024K), 1 survivors (1024K)
 Metaspace       used 79833K, committed 80640K, reserved 1179648K
  class space    used 10594K, committed 11072K, reserved 1048576K
}
Event: 6730.468 GC heap before
{Heap before GC invocations=70 (full 0):
 garbage-first heap   total reserved 1527808K, committed 126976K, used 111102K [0x00000000a2c00000, 0x0000000100000000)
  region size 1024K, 74 young (75776K), 1 survivors (1024K)
 Metaspace       used 79833K, committed 80640K, reserved 1179648K
  class space    used 10594K, committed 11072K, reserved 1048576K
}
Event: 6730.470 GC heap after
{Heap after GC invocations=71 (full 0):
 garbage-first heap   total reserved 1527808K, committed 126976K, used 37398K [0x00000000a2c00000, 0x0000000100000000)
  region size 1024K, 1 young (1024K), 1 survivors (1024K)
 Metaspace       used 79833K, committed 80640K, reserved 1179648K
  class space    used 10594K, committed 11072K, reserved 1048576K
}
Event: 6731.275 GC heap before
{Heap before GC invocations=72 (full 0):
 garbage-first heap   total reserved 1527808K, committed 126976K, used 111126K [0x00000000a2c00000, 0x0000000100000000)
  region size 1024K, 74 young (75776K), 1 survivors (1024K)
 Metaspace       used 79836K, committed 80704K, reserved 1179648K
  class space    used 10594K, committed 11072K, reserved 1048576K
}
Event: 6731.277 GC heap after
{Heap after GC invocations=73 (full 0):
 garbage-first heap   total reserved 1527808K, committed 126976K, used 36408K [0x00000000a2c00000, 0x0000000100000000)
  region size 1024K, 1 young (1024K), 1 survivors (1024K)
 Metaspace       used 79836K, committed 80704K, reserved 1179648K
  class space    used 10594K, committed 11072K, reserved 1048576K
}

